d:\documents\gitrepos\openglwithimgui\x64\debug\vc143.pdb
d:\documents\gitrepos\openglwithimgui\x64\debug\vc143.idb
d:\documents\gitrepos\openglwithimgui\x64\debug\openglwindow.obj
d:\documents\gitrepos\openglwithimgui\x64\debug\main.obj
d:\documents\gitrepos\openglwithimgui\x64\debug\openglwithimgui.pdb
d:\documents\gitrepos\openglwithimgui\x64\debug\openglwithimgui.tlog\cl.command.1.tlog
d:\documents\gitrepos\openglwithimgui\x64\debug\openglwithimgui.tlog\cl.items.tlog
d:\documents\gitrepos\openglwithimgui\x64\debug\openglwithimgui.tlog\cl.read.1.tlog
d:\documents\gitrepos\openglwithimgui\x64\debug\openglwithimgui.tlog\cl.write.1.tlog
d:\documents\gitrepos\openglwithimgui\x64\debug\openglwithimgui.tlog\link-cvtres.read.1.tlog
d:\documents\gitrepos\openglwithimgui\x64\debug\openglwithimgui.tlog\link-cvtres.write.1.tlog
d:\documents\gitrepos\openglwithimgui\x64\debug\openglwithimgui.tlog\link-rc.read.1.tlog
d:\documents\gitrepos\openglwithimgui\x64\debug\openglwithimgui.tlog\link-rc.write.1.tlog
d:\documents\gitrepos\openglwithimgui\x64\debug\openglwithimgui.tlog\link.17788-cvtres.read.1.tlog
d:\documents\gitrepos\openglwithimgui\x64\debug\openglwithimgui.tlog\link.17788-cvtres.write.1.tlog
d:\documents\gitrepos\openglwithimgui\x64\debug\openglwithimgui.tlog\link.17788-rc.read.1.tlog
d:\documents\gitrepos\openglwithimgui\x64\debug\openglwithimgui.tlog\link.17788-rc.write.1.tlog
d:\documents\gitrepos\openglwithimgui\x64\debug\openglwithimgui.tlog\link.17788.read.1.tlog
d:\documents\gitrepos\openglwithimgui\x64\debug\openglwithimgui.tlog\link.17788.read.2.tlog
d:\documents\gitrepos\openglwithimgui\x64\debug\openglwithimgui.tlog\link.17788.write.1.tlog
d:\documents\gitrepos\openglwithimgui\x64\debug\openglwithimgui.tlog\link.command.1.tlog
d:\documents\gitrepos\openglwithimgui\x64\debug\openglwithimgui.tlog\link.read.1.tlog
d:\documents\gitrepos\openglwithimgui\x64\debug\openglwithimgui.tlog\link.read.2.tlog
d:\documents\gitrepos\openglwithimgui\x64\debug\openglwithimgui.tlog\link.write.1.tlog
